[debug] [2018-06-22T04:12:13.162Z] ----------------------------------------------------------------------
[debug] [2018-06-22T04:12:13.162Z] Command:       C:\Program Files\nodejs\node.exe C:\Users\LisCL\AppData\Roaming\npm\node_modules\firebase-tools\bin\firebase serve
[debug] [2018-06-22T04:12:13.162Z] CLI Version:   3.18.6
[debug] [2018-06-22T04:12:13.162Z] Platform:      win32
[debug] [2018-06-22T04:12:13.162Z] Node Version:  v8.11.3
[debug] [2018-06-22T04:12:13.162Z] Time:          Fri Jun 22 2018 00:12:13 GMT-0400 (Hora estándar oeste, Sudamérica)
[debug] [2018-06-22T04:12:13.162Z] ----------------------------------------------------------------------
[debug] 
[debug] [2018-06-22T04:12:13.172Z] > command requires scopes: ["email","openid","https://www.googleapis.com/auth/cloudplatformprojects.readonly","https://www.googleapis.com/auth/firebase","https://www.googleapis.com/auth/cloud-platform"]
[debug] [2018-06-22T04:12:13.172Z] > authorizing via signed-in user
[debug] [2018-06-22T04:12:13.172Z] > refreshing access token with scopes: ["email","https://www.googleapis.com/auth/cloud-platform","https://www.googleapis.com/auth/cloudplatformprojects.readonly","https://www.googleapis.com/auth/firebase","openid"]
[debug] [2018-06-22T04:12:13.172Z] >>> HTTP REQUEST POST https://www.googleapis.com/oauth2/v3/token  
 { refresh_token: '1/UYP23DDsOjnpE9J-EZV5GL1xBfALtUHZcfxrmeAdXqu3LTY4LO7X3r0yF3zOAQwy',
  client_id: '563584335869-fgrhgmd47bqnekij5i8b5pr03ho849e6.apps.googleusercontent.com',
  client_secret: 'j9iVZfS8kkCEFUPaAeJV0sAi',
  grant_type: 'refresh_token',
  scope: 'email https://www.googleapis.com/auth/cloud-platform https://www.googleapis.com/auth/cloudplatformprojects.readonly https://www.googleapis.com/auth/firebase openid' } 
 Fri Jun 22 2018 00:12:13 GMT-0400 (Hora estándar oeste, Sudamérica)
[debug] [2018-06-22T04:12:13.972Z] <<< HTTP RESPONSE 200
[debug] [2018-06-22T04:12:14.042Z] >>> HTTP REQUEST GET https://admin.firebase.com/v1/projects/chat-web-firebase  
  
 Fri Jun 22 2018 00:12:14 GMT-0400 (Hora estándar oeste, Sudamérica)
[debug] [2018-06-22T04:12:15.331Z] <<< HTTP RESPONSE 200
[debug] [2018-06-22T04:12:15.331Z] >>> HTTP REQUEST GET https://admin.firebase.com/v1/database/chat-web-firebase/tokens  
  
 Fri Jun 22 2018 00:12:15 GMT-0400 (Hora estándar oeste, Sudamérica)
[debug] [2018-06-22T04:12:16.107Z] <<< HTTP RESPONSE 200
[debug] [2018-06-22T04:12:16.107Z] >>> HTTP REQUEST GET https://cloudresourcemanager.googleapis.com/v1/projects/chat-web-firebase  
  
 Fri Jun 22 2018 00:12:16 GMT-0400 (Hora estándar oeste, Sudamérica)
[debug] [2018-06-22T04:12:17.656Z] <<< HTTP RESPONSE 200
[info] 
[info] === Serving from 'C:\Users\LisCL\Developer\Chat-web-firebase'...
[info] 
[info] i  functions: Preparing to emulate functions.
[debug] [2018-06-22T04:12:26.897Z] Fetching environment
[debug] [2018-06-22T04:12:26.897Z] >>> HTTP REQUEST GET https://mobilesdk-pa.googleapis.com/v1/projects/188940916591:getServerAppConfig  
  
 Fri Jun 22 2018 00:12:26 GMT-0400 (Hora estándar oeste, Sudamérica)
[debug] [2018-06-22T04:12:26.907Z] >>> HTTP REQUEST GET https://mobilesdk-pa.googleapis.com/v1/projects/188940916591/clients/_:getWebAppConfig  
  
 Fri Jun 22 2018 00:12:26 GMT-0400 (Hora estándar oeste, Sudamérica)
[debug] [2018-06-22T04:12:27.911Z] <<< HTTP RESPONSE 200
[debug] [2018-06-22T04:12:27.911Z] Starting @google-cloud/functions-emulator
[debug] [2018-06-22T04:12:28.705Z] <<< HTTP RESPONSE 200
[info] i  hosting: Serving hosting files from: ./
[info] +  hosting: Local server: http://localhost:5000

[debug] [2018-06-22T04:12:32.592Z] Parsing function triggers
[info] i  functions: No HTTPS functions found. Use firebase functions:shell if you would like to emulate other types of functions.
